{"E:\\Projects\\redux-testing\\src\\App.tsx": {"path":"E:\\Projects\\redux-testing\\src\\App.tsx","statementMap":{"0":{"start":{"line":9,"column":2},"end":{"line":36,"column":4}},"1":{"start":{"line":42,"column":2},"end":{"line":50,"column":4}}},"fnMap":{"0":{"name":"App","decl":{"start":{"line":8,"column":9},"end":{"line":8,"column":12}},"loc":{"start":{"line":8,"column":15},"end":{"line":37,"column":1}},"line":8},"1":{"name":"Home","decl":{"start":{"line":41,"column":9},"end":{"line":41,"column":13}},"loc":{"start":{"line":41,"column":16},"end":{"line":51,"column":1}},"line":41}},"branchMap":{},"s":{"0":0,"1":0},"f":{"0":0,"1":0},"b":{}}
,"E:\\Projects\\redux-testing\\src\\main.tsx": {"path":"E:\\Projects\\redux-testing\\src\\main.tsx","statementMap":{"0":{"start":{"line":8,"column":0},"end":{"line":15,"column":2}}},"fnMap":{},"branchMap":{},"s":{"0":0},"f":{},"b":{}}
,"E:\\Projects\\redux-testing\\src\\app\\api.ts": {"path":"E:\\Projects\\redux-testing\\src\\app\\api.ts","statementMap":{"0":{"start":{"line":12,"column":18},"end":{"line":12,"column":47}},"1":{"start":{"line":13,"column":19},"end":{"line":13,"column":33}},"2":{"start":{"line":14,"column":2},"end":{"line":14,"column":18}},"3":{"start":{"line":21,"column":19},"end":{"line":21,"column":70}},"4":{"start":{"line":22,"column":14},"end":{"line":22,"column":42}},"5":{"start":{"line":23,"column":2},"end":{"line":23,"column":19}},"6":{"start":{"line":24,"column":19},"end":{"line":27,"column":4}},"7":{"start":{"line":28,"column":15},"end":{"line":28,"column":36}},"8":{"start":{"line":29,"column":2},"end":{"line":31,"column":3}},"9":{"start":{"line":30,"column":4},"end":{"line":30,"column":32}},"10":{"start":{"line":32,"column":2},"end":{"line":32,"column":34}},"11":{"start":{"line":36,"column":14},"end":{"line":37,"column":45}},"12":{"start":{"line":37,"column":2},"end":{"line":37,"column":45}},"13":{"start":{"line":37,"column":23},"end":{"line":37,"column":44}}},"fnMap":{"0":{"name":"getProducts","decl":{"start":{"line":11,"column":22},"end":{"line":11,"column":33}},"loc":{"start":{"line":11,"column":56},"end":{"line":15,"column":1}},"line":11},"1":{"name":"checkout","decl":{"start":{"line":20,"column":22},"end":{"line":20,"column":30}},"loc":{"start":{"line":20,"column":76},"end":{"line":33,"column":1}},"line":20},"2":{"name":"(anonymous_2)","decl":{"start":{"line":36,"column":14},"end":{"line":36,"column":15}},"loc":{"start":{"line":37,"column":2},"end":{"line":37,"column":45}},"line":37},"3":{"name":"(anonymous_3)","decl":{"start":{"line":37,"column":14},"end":{"line":37,"column":15}},"loc":{"start":{"line":37,"column":23},"end":{"line":37,"column":44}},"line":37}},"branchMap":{"0":{"loc":{"start":{"line":21,"column":19},"end":{"line":21,"column":70}},"type":"cond-expr","locations":[{"start":{"line":21,"column":51},"end":{"line":21,"column":60}},{"start":{"line":21,"column":63},"end":{"line":21,"column":70}}],"line":21},"1":{"loc":{"start":{"line":29,"column":2},"end":{"line":31,"column":3}},"type":"if","locations":[{"start":{"line":29,"column":2},"end":{"line":31,"column":3}},{"start":{},"end":{}}],"line":29}},"s":{"0":0,"1":0,"2":0,"3":0,"4":0,"5":0,"6":0,"7":0,"8":0,"9":0,"10":0,"11":0,"12":0,"13":0},"f":{"0":0,"1":0,"2":0,"3":0},"b":{"0":[0,0],"1":[0,0]}}
,"E:\\Projects\\redux-testing\\src\\app\\hooks.ts": {"path":"E:\\Projects\\redux-testing\\src\\app\\hooks.ts","statementMap":{"0":{"start":{"line":4,"column":30},"end":{"line":4,"column":62}},"1":{"start":{"line":4,"column":36},"end":{"line":4,"column":62}},"2":{"start":{"line":5,"column":63},"end":{"line":5,"column":74}}},"fnMap":{"0":{"name":"(anonymous_0)","decl":{"start":{"line":4,"column":30},"end":{"line":4,"column":31}},"loc":{"start":{"line":4,"column":36},"end":{"line":4,"column":62}},"line":4}},"branchMap":{},"s":{"0":0,"1":0,"2":0},"f":{"0":0},"b":{}}
,"E:\\Projects\\redux-testing\\src\\app\\store.ts": {"path":"E:\\Projects\\redux-testing\\src\\app\\store.ts","statementMap":{"0":{"start":{"line":5,"column":21},"end":{"line":10,"column":2}}},"fnMap":{},"branchMap":{},"s":{"0":0},"f":{},"b":{}}
,"E:\\Projects\\redux-testing\\src\\features\\cart\\Cart.tsx": {"path":"E:\\Projects\\redux-testing\\src\\features\\cart\\Cart.tsx","statementMap":{"0":{"start":{"line":13,"column":19},"end":{"line":13,"column":35}},"1":{"start":{"line":14,"column":19},"end":{"line":14,"column":69}},"2":{"start":{"line":14,"column":45},"end":{"line":14,"column":68}},"3":{"start":{"line":15,"column":16},"end":{"line":15,"column":59}},"4":{"start":{"line":15,"column":42},"end":{"line":15,"column":58}},"5":{"start":{"line":16,"column":21},"end":{"line":16,"column":50}},"6":{"start":{"line":17,"column":24},"end":{"line":17,"column":75}},"7":{"start":{"line":17,"column":50},"end":{"line":17,"column":74}},"8":{"start":{"line":18,"column":23},"end":{"line":18,"column":73}},"9":{"start":{"line":18,"column":49},"end":{"line":18,"column":72}},"10":{"start":{"line":24,"column":21},"end":{"line":24,"column":48}},"11":{"start":{"line":25,"column":4},"end":{"line":25,"column":47}},"12":{"start":{"line":29,"column":4},"end":{"line":29,"column":23}},"13":{"start":{"line":30,"column":4},"end":{"line":30,"column":29}},"14":{"start":{"line":33,"column":23},"end":{"line":37,"column":4}},"15":{"start":{"line":39,"column":2},"end":{"line":93,"column":4}},"16":{"start":{"line":53,"column":12},"end":{"line":72,"column":17}},"17":{"start":{"line":60,"column":33},"end":{"line":60,"column":57}},"18":{"start":{"line":66,"column":33},"end":{"line":66,"column":61}}},"fnMap":{"0":{"name":"Cart","decl":{"start":{"line":12,"column":16},"end":{"line":12,"column":20}},"loc":{"start":{"line":12,"column":23},"end":{"line":94,"column":1}},"line":12},"1":{"name":"(anonymous_1)","decl":{"start":{"line":14,"column":34},"end":{"line":14,"column":35}},"loc":{"start":{"line":14,"column":45},"end":{"line":14,"column":68}},"line":14},"2":{"name":"(anonymous_2)","decl":{"start":{"line":15,"column":31},"end":{"line":15,"column":32}},"loc":{"start":{"line":15,"column":42},"end":{"line":15,"column":58}},"line":15},"3":{"name":"(anonymous_3)","decl":{"start":{"line":17,"column":39},"end":{"line":17,"column":40}},"loc":{"start":{"line":17,"column":50},"end":{"line":17,"column":74}},"line":17},"4":{"name":"(anonymous_4)","decl":{"start":{"line":18,"column":38},"end":{"line":18,"column":39}},"loc":{"start":{"line":18,"column":49},"end":{"line":18,"column":72}},"line":18},"5":{"name":"onQuantityChanged","decl":{"start":{"line":20,"column":11},"end":{"line":20,"column":28}},"loc":{"start":{"line":23,"column":4},"end":{"line":26,"column":3}},"line":23},"6":{"name":"onCheckout","decl":{"start":{"line":28,"column":11},"end":{"line":28,"column":21}},"loc":{"start":{"line":28,"column":59},"end":{"line":31,"column":3}},"line":28},"7":{"name":"(anonymous_7)","decl":{"start":{"line":52,"column":37},"end":{"line":52,"column":38}},"loc":{"start":{"line":53,"column":12},"end":{"line":72,"column":17}},"line":53},"8":{"name":"(anonymous_8)","decl":{"start":{"line":60,"column":26},"end":{"line":60,"column":27}},"loc":{"start":{"line":60,"column":33},"end":{"line":60,"column":57}},"line":60},"9":{"name":"(anonymous_9)","decl":{"start":{"line":66,"column":27},"end":{"line":66,"column":28}},"loc":{"start":{"line":66,"column":33},"end":{"line":66,"column":61}},"line":66}},"branchMap":{"0":{"loc":{"start":{"line":24,"column":21},"end":{"line":24,"column":48}},"type":"binary-expr","locations":[{"start":{"line":24,"column":21},"end":{"line":24,"column":43}},{"start":{"line":24,"column":47},"end":{"line":24,"column":48}}],"line":24},"1":{"loc":{"start":{"line":85,"column":9},"end":{"line":87,"column":16}},"type":"cond-expr","locations":[{"start":{"line":86,"column":10},"end":{"line":86,"column":59}},{"start":{"line":87,"column":12},"end":{"line":87,"column":16}}],"line":85},"2":{"loc":{"start":{"line":85,"column":9},"end":{"line":85,"column":50}},"type":"binary-expr","locations":[{"start":{"line":85,"column":9},"end":{"line":85,"column":34}},{"start":{"line":85,"column":38},"end":{"line":85,"column":50}}],"line":85}},"s":{"0":0,"1":0,"2":0,"3":0,"4":0,"5":0,"6":0,"7":0,"8":0,"9":0,"10":0,"11":0,"12":0,"13":0,"14":0,"15":0,"16":0,"17":0,"18":0},"f":{"0":0,"1":0,"2":0,"3":0,"4":0,"5":0,"6":0,"7":0,"8":0,"9":0},"b":{"0":[0,0],"1":[0,0],"2":[0,0]}}
,"E:\\Projects\\redux-testing\\src\\features\\cart\\CartLink.tsx": {"path":"E:\\Projects\\redux-testing\\src\\features\\cart\\CartLink.tsx","statementMap":{"0":{"start":{"line":8,"column":19},"end":{"line":8,"column":54}},"1":{"start":{"line":9,"column":2},"end":{"line":15,"column":4}}},"fnMap":{"0":{"name":"CartLink","decl":{"start":{"line":7,"column":16},"end":{"line":7,"column":24}},"loc":{"start":{"line":7,"column":27},"end":{"line":16,"column":1}},"line":7}},"branchMap":{"0":{"loc":{"start":{"line":12,"column":23},"end":{"line":12,"column":51}},"type":"cond-expr","locations":[{"start":{"line":12,"column":34},"end":{"line":12,"column":42}},{"start":{"line":12,"column":45},"end":{"line":12,"column":51}}],"line":12}},"s":{"0":0,"1":0},"f":{"0":0},"b":{"0":[0,0]}}
,"E:\\Projects\\redux-testing\\src\\features\\cart\\cartSlice.ts": {"path":"E:\\Projects\\redux-testing\\src\\features\\cart\\cartSlice.ts","statementMap":{"0":{"start":{"line":17,"column":32},"end":{"line":21,"column":1}},"1":{"start":{"line":23,"column":28},"end":{"line":28,"column":2}},"2":{"start":{"line":24,"column":16},"end":{"line":24,"column":48}},"3":{"start":{"line":25,"column":16},"end":{"line":25,"column":32}},"4":{"start":{"line":26,"column":19},"end":{"line":26,"column":40}},"5":{"start":{"line":27,"column":2},"end":{"line":27,"column":18}},"6":{"start":{"line":30,"column":18},"end":{"line":73,"column":2}},"7":{"start":{"line":35,"column":6},"end":{"line":39,"column":7}},"8":{"start":{"line":36,"column":8},"end":{"line":36,"column":38}},"9":{"start":{"line":38,"column":8},"end":{"line":38,"column":40}},"10":{"start":{"line":42,"column":6},"end":{"line":42,"column":41}},"11":{"start":{"line":48,"column":31},"end":{"line":48,"column":45}},"12":{"start":{"line":49,"column":6},"end":{"line":49,"column":33}},"13":{"start":{"line":53,"column":4},"end":{"line":55,"column":7}},"14":{"start":{"line":54,"column":6},"end":{"line":54,"column":38}},"15":{"start":{"line":56,"column":4},"end":{"line":67,"column":6}},"16":{"start":{"line":59,"column":28},"end":{"line":59,"column":42}},"17":{"start":{"line":60,"column":8},"end":{"line":65,"column":9}},"18":{"start":{"line":61,"column":10},"end":{"line":61,"column":40}},"19":{"start":{"line":62,"column":10},"end":{"line":62,"column":27}},"20":{"start":{"line":64,"column":10},"end":{"line":64,"column":40}},"21":{"start":{"line":68,"column":4},"end":{"line":71,"column":7}},"22":{"start":{"line":69,"column":6},"end":{"line":69,"column":36}},"23":{"start":{"line":70,"column":6},"end":{"line":70,"column":54}},"24":{"start":{"line":75,"column":61},"end":{"line":75,"column":78}},"25":{"start":{"line":79,"column":2},"end":{"line":79,"column":34}},"26":{"start":{"line":80,"column":17},"end":{"line":80,"column":18}},"27":{"start":{"line":81,"column":2},"end":{"line":83,"column":3}},"28":{"start":{"line":82,"column":4},"end":{"line":82,"column":37}},"29":{"start":{"line":84,"column":2},"end":{"line":84,"column":18}},"30":{"start":{"line":87,"column":35},"end":{"line":97,"column":1}},"31":{"start":{"line":88,"column":24},"end":{"line":88,"column":40}},"32":{"start":{"line":90,"column":4},"end":{"line":90,"column":47}},"33":{"start":{"line":91,"column":19},"end":{"line":91,"column":20}},"34":{"start":{"line":92,"column":4},"end":{"line":94,"column":5}},"35":{"start":{"line":93,"column":6},"end":{"line":93,"column":28}},"36":{"start":{"line":95,"column":4},"end":{"line":95,"column":20}},"37":{"start":{"line":99,"column":29},"end":{"line":109,"column":1}},"38":{"start":{"line":100,"column":24},"end":{"line":100,"column":40}},"39":{"start":{"line":101,"column":24},"end":{"line":101,"column":47}},"40":{"start":{"line":103,"column":16},"end":{"line":103,"column":17}},"41":{"start":{"line":104,"column":4},"end":{"line":106,"column":5}},"42":{"start":{"line":105,"column":6},"end":{"line":105,"column":46}},"43":{"start":{"line":107,"column":4},"end":{"line":107,"column":28}}},"fnMap":{"0":{"name":"(anonymous_0)","decl":{"start":{"line":23,"column":62},"end":{"line":23,"column":63}},"loc":{"start":{"line":23,"column":85},"end":{"line":28,"column":1}},"line":23},"1":{"name":"(anonymous_1)","decl":{"start":{"line":34,"column":4},"end":{"line":34,"column":5}},"loc":{"start":{"line":34,"column":52},"end":{"line":40,"column":5}},"line":34},"2":{"name":"(anonymous_2)","decl":{"start":{"line":41,"column":4},"end":{"line":41,"column":5}},"loc":{"start":{"line":41,"column":57},"end":{"line":43,"column":5}},"line":41},"3":{"name":"(anonymous_3)","decl":{"start":{"line":44,"column":4},"end":{"line":44,"column":5}},"loc":{"start":{"line":47,"column":6},"end":{"line":50,"column":5}},"line":47},"4":{"name":"(anonymous_4)","decl":{"start":{"line":52,"column":17},"end":{"line":52,"column":18}},"loc":{"start":{"line":52,"column":30},"end":{"line":72,"column":3}},"line":52},"5":{"name":"(anonymous_5)","decl":{"start":{"line":53,"column":42},"end":{"line":53,"column":43}},"loc":{"start":{"line":53,"column":53},"end":{"line":55,"column":5}},"line":53},"6":{"name":"(anonymous_6)","decl":{"start":{"line":58,"column":6},"end":{"line":58,"column":7}},"loc":{"start":{"line":58,"column":62},"end":{"line":66,"column":7}},"line":58},"7":{"name":"(anonymous_7)","decl":{"start":{"line":68,"column":43},"end":{"line":68,"column":44}},"loc":{"start":{"line":68,"column":62},"end":{"line":71,"column":5}},"line":68},"8":{"name":"getNumItems","decl":{"start":{"line":78,"column":16},"end":{"line":78,"column":27}},"loc":{"start":{"line":78,"column":46},"end":{"line":85,"column":1}},"line":78},"9":{"name":"(anonymous_9)","decl":{"start":{"line":88,"column":2},"end":{"line":88,"column":3}},"loc":{"start":{"line":88,"column":24},"end":{"line":88,"column":40}},"line":88},"10":{"name":"(anonymous_10)","decl":{"start":{"line":89,"column":2},"end":{"line":89,"column":3}},"loc":{"start":{"line":89,"column":13},"end":{"line":96,"column":3}},"line":89},"11":{"name":"(anonymous_11)","decl":{"start":{"line":100,"column":2},"end":{"line":100,"column":3}},"loc":{"start":{"line":100,"column":24},"end":{"line":100,"column":40}},"line":100},"12":{"name":"(anonymous_12)","decl":{"start":{"line":101,"column":2},"end":{"line":101,"column":3}},"loc":{"start":{"line":101,"column":24},"end":{"line":101,"column":47}},"line":101},"13":{"name":"(anonymous_13)","decl":{"start":{"line":102,"column":2},"end":{"line":102,"column":3}},"loc":{"start":{"line":102,"column":23},"end":{"line":108,"column":3}},"line":102}},"branchMap":{"0":{"loc":{"start":{"line":35,"column":6},"end":{"line":39,"column":7}},"type":"if","locations":[{"start":{"line":35,"column":6},"end":{"line":39,"column":7}},{"start":{"line":37,"column":13},"end":{"line":39,"column":7}}],"line":35},"1":{"loc":{"start":{"line":60,"column":8},"end":{"line":65,"column":9}},"type":"if","locations":[{"start":{"line":60,"column":8},"end":{"line":65,"column":9}},{"start":{"line":63,"column":15},"end":{"line":65,"column":9}}],"line":60},"2":{"loc":{"start":{"line":70,"column":27},"end":{"line":70,"column":53}},"type":"binary-expr","locations":[{"start":{"line":70,"column":27},"end":{"line":70,"column":47}},{"start":{"line":70,"column":51},"end":{"line":70,"column":53}}],"line":70}},"s":{"0":0,"1":0,"2":0,"3":0,"4":0,"5":0,"6":0,"7":0,"8":0,"9":0,"10":0,"11":0,"12":0,"13":0,"14":0,"15":0,"16":0,"17":0,"18":0,"19":0,"20":0,"21":0,"22":0,"23":0,"24":0,"25":0,"26":0,"27":0,"28":0,"29":0,"30":0,"31":0,"32":0,"33":0,"34":0,"35":0,"36":0,"37":0,"38":0,"39":0,"40":0,"41":0,"42":0,"43":0},"f":{"0":0,"1":0,"2":0,"3":0,"4":0,"5":0,"6":0,"7":0,"8":0,"9":0,"10":0,"11":0,"12":0,"13":0},"b":{"0":[0,0],"1":[0,0],"2":[0,0]}}
,"E:\\Projects\\redux-testing\\src\\features\\products\\Products.tsx": {"path":"E:\\Projects\\redux-testing\\src\\features\\products\\Products.tsx","statementMap":{"0":{"start":{"line":9,"column":19},"end":{"line":9,"column":35}},"1":{"start":{"line":10,"column":2},"end":{"line":14,"column":9}},"2":{"start":{"line":11,"column":4},"end":{"line":13,"column":7}},"3":{"start":{"line":12,"column":6},"end":{"line":12,"column":43}},"4":{"start":{"line":15,"column":19},"end":{"line":15,"column":69}},"5":{"start":{"line":15,"column":45},"end":{"line":15,"column":68}},"6":{"start":{"line":16,"column":2},"end":{"line":41,"column":4}},"7":{"start":{"line":20,"column":10},"end":{"line":37,"column":15}},"8":{"start":{"line":32,"column":39},"end":{"line":32,"column":70}}},"fnMap":{"0":{"name":"Products","decl":{"start":{"line":8,"column":16},"end":{"line":8,"column":24}},"loc":{"start":{"line":8,"column":27},"end":{"line":42,"column":1}},"line":8},"1":{"name":"(anonymous_1)","decl":{"start":{"line":10,"column":12},"end":{"line":10,"column":13}},"loc":{"start":{"line":10,"column":18},"end":{"line":14,"column":3}},"line":10},"2":{"name":"(anonymous_2)","decl":{"start":{"line":11,"column":23},"end":{"line":11,"column":24}},"loc":{"start":{"line":11,"column":37},"end":{"line":13,"column":5}},"line":11},"3":{"name":"(anonymous_3)","decl":{"start":{"line":15,"column":34},"end":{"line":15,"column":35}},"loc":{"start":{"line":15,"column":45},"end":{"line":15,"column":68}},"line":15},"4":{"name":"(anonymous_4)","decl":{"start":{"line":19,"column":37},"end":{"line":19,"column":38}},"loc":{"start":{"line":20,"column":10},"end":{"line":37,"column":15}},"line":20},"5":{"name":"(anonymous_5)","decl":{"start":{"line":32,"column":33},"end":{"line":32,"column":34}},"loc":{"start":{"line":32,"column":39},"end":{"line":32,"column":70}},"line":32}},"branchMap":{},"s":{"0":0,"1":0,"2":0,"3":0,"4":0,"5":0,"6":0,"7":0,"8":0},"f":{"0":0,"1":0,"2":0,"3":0,"4":0,"5":0},"b":{}}
,"E:\\Projects\\redux-testing\\src\\features\\products\\productsSlice.ts": {"path":"E:\\Projects\\redux-testing\\src\\features\\products\\productsSlice.ts","statementMap":{"0":{"start":{"line":8,"column":36},"end":{"line":10,"column":1}},"1":{"start":{"line":12,"column":22},"end":{"line":23,"column":2}},"2":{"start":{"line":17,"column":23},"end":{"line":17,"column":37}},"3":{"start":{"line":18,"column":6},"end":{"line":20,"column":8}},"4":{"start":{"line":19,"column":8},"end":{"line":19,"column":45}},"5":{"start":{"line":25,"column":36},"end":{"line":25,"column":57}}},"fnMap":{"0":{"name":"(anonymous_0)","decl":{"start":{"line":16,"column":4},"end":{"line":16,"column":5}},"loc":{"start":{"line":16,"column":62},"end":{"line":21,"column":5}},"line":16},"1":{"name":"(anonymous_1)","decl":{"start":{"line":18,"column":23},"end":{"line":18,"column":24}},"loc":{"start":{"line":18,"column":34},"end":{"line":20,"column":7}},"line":18}},"branchMap":{},"s":{"0":1,"1":1,"2":0,"3":0,"4":0,"5":1},"f":{"0":0,"1":0},"b":{},"_coverageSchema":"1a1c01bbd47fc00a2c39e90264f33305004495a9","hash":"9f72ed059b6916f353b29a492bb83d2017d2add7"}
}
