{"/Users/jamundf/Dropbox/egghead/live/redux-shopping-cart/src/App.tsx": {"path":"/Users/jamundf/Dropbox/egghead/live/redux-shopping-cart/src/App.tsx","statementMap":{"0":{"start":{"line":9,"column":2},"end":{"line":34,"column":4}},"1":{"start":{"line":38,"column":2},"end":{"line":50,"column":4}}},"fnMap":{"0":{"name":"App","decl":{"start":{"line":8,"column":9},"end":{"line":8,"column":12}},"loc":{"start":{"line":8,"column":15},"end":{"line":35,"column":1}},"line":8},"1":{"name":"Home","decl":{"start":{"line":37,"column":16},"end":{"line":37,"column":20}},"loc":{"start":{"line":37,"column":23},"end":{"line":51,"column":1}},"line":37}},"branchMap":{},"s":{"0":0,"1":1},"f":{"0":0,"1":1},"b":{},"_coverageSchema":"1a1c01bbd47fc00a2c39e90264f33305004495a9","hash":"b18f65dc55be0d2593197fc07c1c8d48a5d79811"}
,"/Users/jamundf/Dropbox/egghead/live/redux-shopping-cart/src/app/api.ts": {"path":"/Users/jamundf/Dropbox/egghead/live/redux-shopping-cart/src/app/api.ts","statementMap":{"0":{"start":{"line":7,"column":19},"end":{"line":7,"column":48}},"1":{"start":{"line":8,"column":19},"end":{"line":8,"column":40}},"2":{"start":{"line":9,"column":2},"end":{"line":9,"column":18}},"3":{"start":{"line":14,"column":14},"end":{"line":14,"column":36}},"4":{"start":{"line":15,"column":2},"end":{"line":15,"column":19}},"5":{"start":{"line":16,"column":19},"end":{"line":19,"column":4}},"6":{"start":{"line":20,"column":15},"end":{"line":20,"column":36}},"7":{"start":{"line":21,"column":2},"end":{"line":23,"column":3}},"8":{"start":{"line":22,"column":4},"end":{"line":22,"column":32}},"9":{"start":{"line":24,"column":2},"end":{"line":24,"column":34}},"10":{"start":{"line":27,"column":14},"end":{"line":28,"column":50}},"11":{"start":{"line":28,"column":2},"end":{"line":28,"column":50}},"12":{"start":{"line":28,"column":28},"end":{"line":28,"column":49}}},"fnMap":{"0":{"name":"getProducts","decl":{"start":{"line":6,"column":22},"end":{"line":6,"column":33}},"loc":{"start":{"line":6,"column":56},"end":{"line":10,"column":1}},"line":6},"1":{"name":"checkout","decl":{"start":{"line":13,"column":22},"end":{"line":13,"column":30}},"loc":{"start":{"line":13,"column":76},"end":{"line":25,"column":1}},"line":13},"2":{"name":"(anonymous_2)","decl":{"start":{"line":27,"column":14},"end":{"line":27,"column":15}},"loc":{"start":{"line":28,"column":2},"end":{"line":28,"column":50}},"line":28},"3":{"name":"(anonymous_3)","decl":{"start":{"line":28,"column":19},"end":{"line":28,"column":20}},"loc":{"start":{"line":28,"column":28},"end":{"line":28,"column":49}},"line":28}},"branchMap":{"0":{"loc":{"start":{"line":21,"column":2},"end":{"line":23,"column":3}},"type":"if","locations":[{"start":{"line":21,"column":2},"end":{"line":23,"column":3}},{"start":{"line":21,"column":2},"end":{"line":23,"column":3}}],"line":21}},"s":{"0":0,"1":0,"2":0,"3":0,"4":0,"5":0,"6":0,"7":0,"8":0,"9":0,"10":1,"11":0,"12":0},"f":{"0":0,"1":0,"2":0,"3":0},"b":{"0":[0,0]},"_coverageSchema":"1a1c01bbd47fc00a2c39e90264f33305004495a9","hash":"504e558db30c3400215e6bce5714054a9ff17214"}
,"/Users/jamundf/Dropbox/egghead/live/redux-shopping-cart/src/app/hooks.ts": {"path":"/Users/jamundf/Dropbox/egghead/live/redux-shopping-cart/src/app/hooks.ts","statementMap":{"0":{"start":{"line":4,"column":30},"end":{"line":4,"column":62}},"1":{"start":{"line":4,"column":36},"end":{"line":4,"column":62}},"2":{"start":{"line":5,"column":63},"end":{"line":5,"column":74}}},"fnMap":{"0":{"name":"(anonymous_0)","decl":{"start":{"line":4,"column":30},"end":{"line":4,"column":31}},"loc":{"start":{"line":4,"column":36},"end":{"line":4,"column":62}},"line":4}},"branchMap":{},"s":{"0":1,"1":0,"2":1},"f":{"0":0},"b":{},"_coverageSchema":"1a1c01bbd47fc00a2c39e90264f33305004495a9","hash":"fcd3a6d2b5aacf6219eb191a8e46e66b1029e785"}
,"/Users/jamundf/Dropbox/egghead/live/redux-shopping-cart/src/features/cart/Cart.tsx": {"path":"/Users/jamundf/Dropbox/egghead/live/redux-shopping-cart/src/features/cart/Cart.tsx","statementMap":{"0":{"start":{"line":15,"column":19},"end":{"line":15,"column":35}},"1":{"start":{"line":16,"column":16},"end":{"line":16,"column":59}},"2":{"start":{"line":16,"column":42},"end":{"line":16,"column":58}},"3":{"start":{"line":17,"column":24},"end":{"line":17,"column":75}},"4":{"start":{"line":17,"column":50},"end":{"line":17,"column":74}},"5":{"start":{"line":18,"column":23},"end":{"line":18,"column":73}},"6":{"start":{"line":18,"column":49},"end":{"line":18,"column":72}},"7":{"start":{"line":19,"column":19},"end":{"line":19,"column":69}},"8":{"start":{"line":19,"column":45},"end":{"line":19,"column":68}},"9":{"start":{"line":20,"column":21},"end":{"line":20,"column":50}},"10":{"start":{"line":25,"column":21},"end":{"line":25,"column":48}},"11":{"start":{"line":26,"column":4},"end":{"line":26,"column":47}},"12":{"start":{"line":29,"column":4},"end":{"line":29,"column":23}},"13":{"start":{"line":30,"column":4},"end":{"line":30,"column":25}},"14":{"start":{"line":32,"column":18},"end":{"line":36,"column":4}},"15":{"start":{"line":37,"column":2},"end":{"line":115,"column":4}},"16":{"start":{"line":51,"column":12},"end":{"line":70,"column":17}},"17":{"start":{"line":56,"column":33},"end":{"line":56,"column":57}},"18":{"start":{"line":64,"column":33},"end":{"line":64,"column":61}}},"fnMap":{"0":{"name":"Cart","decl":{"start":{"line":14,"column":16},"end":{"line":14,"column":20}},"loc":{"start":{"line":14,"column":23},"end":{"line":116,"column":1}},"line":14},"1":{"name":"(anonymous_1)","decl":{"start":{"line":16,"column":31},"end":{"line":16,"column":32}},"loc":{"start":{"line":16,"column":42},"end":{"line":16,"column":58}},"line":16},"2":{"name":"(anonymous_2)","decl":{"start":{"line":17,"column":39},"end":{"line":17,"column":40}},"loc":{"start":{"line":17,"column":50},"end":{"line":17,"column":74}},"line":17},"3":{"name":"(anonymous_3)","decl":{"start":{"line":18,"column":38},"end":{"line":18,"column":39}},"loc":{"start":{"line":18,"column":49},"end":{"line":18,"column":72}},"line":18},"4":{"name":"(anonymous_4)","decl":{"start":{"line":19,"column":34},"end":{"line":19,"column":35}},"loc":{"start":{"line":19,"column":45},"end":{"line":19,"column":68}},"line":19},"5":{"name":"onQuantityChanged","decl":{"start":{"line":21,"column":11},"end":{"line":21,"column":28}},"loc":{"start":{"line":24,"column":4},"end":{"line":27,"column":3}},"line":24},"6":{"name":"onCheckout","decl":{"start":{"line":28,"column":11},"end":{"line":28,"column":21}},"loc":{"start":{"line":28,"column":59},"end":{"line":31,"column":3}},"line":28},"7":{"name":"(anonymous_7)","decl":{"start":{"line":50,"column":37},"end":{"line":50,"column":38}},"loc":{"start":{"line":51,"column":12},"end":{"line":70,"column":17}},"line":51},"8":{"name":"(anonymous_8)","decl":{"start":{"line":56,"column":26},"end":{"line":56,"column":27}},"loc":{"start":{"line":56,"column":33},"end":{"line":56,"column":57}},"line":56},"9":{"name":"(anonymous_9)","decl":{"start":{"line":64,"column":27},"end":{"line":64,"column":28}},"loc":{"start":{"line":64,"column":33},"end":{"line":64,"column":61}},"line":64}},"branchMap":{"0":{"loc":{"start":{"line":25,"column":21},"end":{"line":25,"column":48}},"type":"binary-expr","locations":[{"start":{"line":25,"column":21},"end":{"line":25,"column":43}},{"start":{"line":25,"column":47},"end":{"line":25,"column":48}}],"line":25},"1":{"loc":{"start":{"line":107,"column":9},"end":{"line":109,"column":16}},"type":"cond-expr","locations":[{"start":{"line":108,"column":10},"end":{"line":108,"column":59}},{"start":{"line":109,"column":12},"end":{"line":109,"column":16}}],"line":107}},"s":{"0":0,"1":0,"2":0,"3":0,"4":0,"5":0,"6":0,"7":0,"8":0,"9":0,"10":0,"11":0,"12":0,"13":0,"14":0,"15":0,"16":0,"17":0,"18":0},"f":{"0":0,"1":0,"2":0,"3":0,"4":0,"5":0,"6":0,"7":0,"8":0,"9":0},"b":{"0":[0,0],"1":[0,0]},"_coverageSchema":"1a1c01bbd47fc00a2c39e90264f33305004495a9","hash":"4f8e73a859072615c78f51a1b0dbcd69607f1fcb"}
,"/Users/jamundf/Dropbox/egghead/live/redux-shopping-cart/src/features/cart/CartLink.tsx": {"path":"/Users/jamundf/Dropbox/egghead/live/redux-shopping-cart/src/features/cart/CartLink.tsx","statementMap":{"0":{"start":{"line":8,"column":19},"end":{"line":8,"column":51}},"1":{"start":{"line":9,"column":2},"end":{"line":15,"column":4}}},"fnMap":{"0":{"name":"CartLink","decl":{"start":{"line":7,"column":16},"end":{"line":7,"column":24}},"loc":{"start":{"line":7,"column":27},"end":{"line":16,"column":1}},"line":7}},"branchMap":{"0":{"loc":{"start":{"line":12,"column":23},"end":{"line":12,"column":51}},"type":"cond-expr","locations":[{"start":{"line":12,"column":34},"end":{"line":12,"column":42}},{"start":{"line":12,"column":45},"end":{"line":12,"column":51}}],"line":12}},"s":{"0":0,"1":0},"f":{"0":0},"b":{"0":[0,0]},"_coverageSchema":"1a1c01bbd47fc00a2c39e90264f33305004495a9","hash":"40b665dc579d857de2cf134544a5801d2d6d40a3"}
,"/Users/jamundf/Dropbox/egghead/live/redux-shopping-cart/src/features/cart/cartSlice.ts": {"path":"/Users/jamundf/Dropbox/egghead/live/redux-shopping-cart/src/features/cart/cartSlice.ts","statementMap":{"0":{"start":{"line":18,"column":32},"end":{"line":22,"column":1}},"1":{"start":{"line":24,"column":24},"end":{"line":32,"column":2}},"2":{"start":{"line":29,"column":16},"end":{"line":29,"column":35}},"3":{"start":{"line":30,"column":19},"end":{"line":30,"column":55}},"4":{"start":{"line":31,"column":2},"end":{"line":31,"column":18}},"5":{"start":{"line":34,"column":18},"end":{"line":77,"column":2}},"6":{"start":{"line":42,"column":31},"end":{"line":42,"column":45}},"7":{"start":{"line":43,"column":6},"end":{"line":43,"column":33}},"8":{"start":{"line":46,"column":6},"end":{"line":46,"column":41}},"9":{"start":{"line":49,"column":6},"end":{"line":53,"column":7}},"10":{"start":{"line":50,"column":8},"end":{"line":50,"column":38}},"11":{"start":{"line":52,"column":8},"end":{"line":52,"column":40}},"12":{"start":{"line":54,"column":6},"end":{"line":54,"column":36}},"13":{"start":{"line":58,"column":4},"end":{"line":60,"column":7}},"14":{"start":{"line":59,"column":6},"end":{"line":59,"column":38}},"15":{"start":{"line":61,"column":4},"end":{"line":71,"column":6}},"16":{"start":{"line":64,"column":8},"end":{"line":69,"column":9}},"17":{"start":{"line":65,"column":10},"end":{"line":65,"column":27}},"18":{"start":{"line":66,"column":10},"end":{"line":66,"column":40}},"19":{"start":{"line":68,"column":10},"end":{"line":68,"column":40}},"20":{"start":{"line":72,"column":4},"end":{"line":75,"column":7}},"21":{"start":{"line":73,"column":6},"end":{"line":73,"column":36}},"22":{"start":{"line":74,"column":6},"end":{"line":74,"column":54}},"23":{"start":{"line":79,"column":24},"end":{"line":86,"column":1}},"24":{"start":{"line":80,"column":2},"end":{"line":80,"column":37}},"25":{"start":{"line":81,"column":14},"end":{"line":81,"column":15}},"26":{"start":{"line":82,"column":2},"end":{"line":84,"column":3}},"27":{"start":{"line":83,"column":4},"end":{"line":83,"column":34}},"28":{"start":{"line":85,"column":2},"end":{"line":85,"column":15}},"29":{"start":{"line":88,"column":32},"end":{"line":98,"column":1}},"30":{"start":{"line":89,"column":24},"end":{"line":89,"column":40}},"31":{"start":{"line":91,"column":4},"end":{"line":91,"column":48}},"32":{"start":{"line":92,"column":16},"end":{"line":92,"column":17}},"33":{"start":{"line":93,"column":4},"end":{"line":95,"column":5}},"34":{"start":{"line":94,"column":6},"end":{"line":94,"column":25}},"35":{"start":{"line":96,"column":4},"end":{"line":96,"column":17}},"36":{"start":{"line":100,"column":29},"end":{"line":110,"column":1}},"37":{"start":{"line":101,"column":24},"end":{"line":101,"column":40}},"38":{"start":{"line":102,"column":24},"end":{"line":102,"column":47}},"39":{"start":{"line":104,"column":16},"end":{"line":104,"column":17}},"40":{"start":{"line":105,"column":4},"end":{"line":107,"column":5}},"41":{"start":{"line":106,"column":6},"end":{"line":106,"column":46}},"42":{"start":{"line":108,"column":4},"end":{"line":108,"column":28}},"43":{"start":{"line":112,"column":30},"end":{"line":112,"column":49}},"44":{"start":{"line":112,"column":36},"end":{"line":112,"column":49}},"45":{"start":{"line":117,"column":2},"end":{"line":117,"column":46}},"46":{"start":{"line":118,"column":2},"end":{"line":124,"column":3}},"47":{"start":{"line":119,"column":18},"end":{"line":119,"column":28}},"48":{"start":{"line":120,"column":20},"end":{"line":120,"column":56}},"49":{"start":{"line":121,"column":4},"end":{"line":121,"column":59}},"50":{"start":{"line":123,"column":4},"end":{"line":123,"column":56}},"51":{"start":{"line":127,"column":61},"end":{"line":127,"column":78}}},"fnMap":{"0":{"name":"(anonymous_0)","decl":{"start":{"line":28,"column":19},"end":{"line":28,"column":20}},"loc":{"start":{"line":28,"column":44},"end":{"line":32,"column":1}},"line":28},"1":{"name":"(anonymous_1)","decl":{"start":{"line":38,"column":4},"end":{"line":38,"column":5}},"loc":{"start":{"line":41,"column":6},"end":{"line":44,"column":5}},"line":41},"2":{"name":"(anonymous_2)","decl":{"start":{"line":45,"column":4},"end":{"line":45,"column":5}},"loc":{"start":{"line":45,"column":57},"end":{"line":47,"column":5}},"line":45},"3":{"name":"(anonymous_3)","decl":{"start":{"line":48,"column":4},"end":{"line":48,"column":5}},"loc":{"start":{"line":48,"column":52},"end":{"line":55,"column":5}},"line":48},"4":{"name":"(anonymous_4)","decl":{"start":{"line":57,"column":17},"end":{"line":57,"column":18}},"loc":{"start":{"line":57,"column":30},"end":{"line":76,"column":3}},"line":57},"5":{"name":"(anonymous_5)","decl":{"start":{"line":58,"column":38},"end":{"line":58,"column":39}},"loc":{"start":{"line":58,"column":49},"end":{"line":60,"column":5}},"line":58},"6":{"name":"(anonymous_6)","decl":{"start":{"line":63,"column":6},"end":{"line":63,"column":7}},"loc":{"start":{"line":63,"column":62},"end":{"line":70,"column":7}},"line":63},"7":{"name":"(anonymous_7)","decl":{"start":{"line":72,"column":39},"end":{"line":72,"column":40}},"loc":{"start":{"line":72,"column":58},"end":{"line":75,"column":5}},"line":72},"8":{"name":"(anonymous_8)","decl":{"start":{"line":79,"column":24},"end":{"line":79,"column":25}},"loc":{"start":{"line":79,"column":46},"end":{"line":86,"column":1}},"line":79},"9":{"name":"(anonymous_9)","decl":{"start":{"line":89,"column":2},"end":{"line":89,"column":3}},"loc":{"start":{"line":89,"column":24},"end":{"line":89,"column":40}},"line":89},"10":{"name":"(anonymous_10)","decl":{"start":{"line":90,"column":2},"end":{"line":90,"column":3}},"loc":{"start":{"line":90,"column":13},"end":{"line":97,"column":3}},"line":90},"11":{"name":"(anonymous_11)","decl":{"start":{"line":101,"column":2},"end":{"line":101,"column":3}},"loc":{"start":{"line":101,"column":24},"end":{"line":101,"column":40}},"line":101},"12":{"name":"(anonymous_12)","decl":{"start":{"line":102,"column":2},"end":{"line":102,"column":3}},"loc":{"start":{"line":102,"column":24},"end":{"line":102,"column":47}},"line":102},"13":{"name":"(anonymous_13)","decl":{"start":{"line":103,"column":2},"end":{"line":103,"column":3}},"loc":{"start":{"line":103,"column":23},"end":{"line":109,"column":3}},"line":103},"14":{"name":"(anonymous_14)","decl":{"start":{"line":112,"column":30},"end":{"line":112,"column":31}},"loc":{"start":{"line":112,"column":36},"end":{"line":112,"column":49}},"line":112},"15":{"name":"checkoutThunk","decl":{"start":{"line":113,"column":22},"end":{"line":113,"column":35}},"loc":{"start":{"line":116,"column":17},"end":{"line":125,"column":1}},"line":116}},"branchMap":{"0":{"loc":{"start":{"line":49,"column":6},"end":{"line":53,"column":7}},"type":"if","locations":[{"start":{"line":49,"column":6},"end":{"line":53,"column":7}},{"start":{"line":49,"column":6},"end":{"line":53,"column":7}}],"line":49},"1":{"loc":{"start":{"line":64,"column":8},"end":{"line":69,"column":9}},"type":"if","locations":[{"start":{"line":64,"column":8},"end":{"line":69,"column":9}},{"start":{"line":64,"column":8},"end":{"line":69,"column":9}}],"line":64},"2":{"loc":{"start":{"line":74,"column":27},"end":{"line":74,"column":53}},"type":"binary-expr","locations":[{"start":{"line":74,"column":27},"end":{"line":74,"column":47}},{"start":{"line":74,"column":51},"end":{"line":74,"column":53}}],"line":74}},"s":{"0":1,"1":1,"2":0,"3":0,"4":0,"5":1,"6":0,"7":0,"8":0,"9":0,"10":0,"11":0,"12":0,"13":1,"14":0,"15":1,"16":0,"17":0,"18":0,"19":0,"20":1,"21":0,"22":0,"23":1,"24":0,"25":0,"26":0,"27":0,"28":0,"29":1,"30":0,"31":0,"32":0,"33":0,"34":0,"35":0,"36":1,"37":0,"38":0,"39":0,"40":0,"41":0,"42":0,"43":1,"44":0,"45":0,"46":0,"47":0,"48":0,"49":0,"50":0,"51":1},"f":{"0":0,"1":0,"2":0,"3":0,"4":1,"5":0,"6":0,"7":0,"8":0,"9":0,"10":0,"11":0,"12":0,"13":0,"14":0,"15":0},"b":{"0":[0,0],"1":[0,0],"2":[0,0]},"_coverageSchema":"1a1c01bbd47fc00a2c39e90264f33305004495a9","hash":"cb5a15a72f4d97ea6c6ffa875a452c5dc2844be9"}
,"/Users/jamundf/Dropbox/egghead/live/redux-shopping-cart/src/features/products/Products.tsx": {"path":"/Users/jamundf/Dropbox/egghead/live/redux-shopping-cart/src/features/products/Products.tsx","statementMap":{"0":{"start":{"line":19,"column":19},"end":{"line":19,"column":35}},"1":{"start":{"line":20,"column":19},"end":{"line":20,"column":69}},"2":{"start":{"line":20,"column":45},"end":{"line":20,"column":68}},"3":{"start":{"line":21,"column":2},"end":{"line":23,"column":9}},"4":{"start":{"line":22,"column":4},"end":{"line":22,"column":79}},"5":{"start":{"line":22,"column":41},"end":{"line":22,"column":77}},"6":{"start":{"line":24,"column":2},"end":{"line":53,"column":4}},"7":{"start":{"line":28,"column":10},"end":{"line":49,"column":15}},"8":{"start":{"line":42,"column":20},"end":{"line":42,"column":52}}},"fnMap":{"0":{"name":"Products","decl":{"start":{"line":18,"column":16},"end":{"line":18,"column":24}},"loc":{"start":{"line":18,"column":27},"end":{"line":54,"column":1}},"line":18},"1":{"name":"(anonymous_1)","decl":{"start":{"line":20,"column":34},"end":{"line":20,"column":35}},"loc":{"start":{"line":20,"column":45},"end":{"line":20,"column":68}},"line":20},"2":{"name":"(anonymous_2)","decl":{"start":{"line":21,"column":12},"end":{"line":21,"column":13}},"loc":{"start":{"line":21,"column":18},"end":{"line":23,"column":3}},"line":21},"3":{"name":"(anonymous_3)","decl":{"start":{"line":22,"column":27},"end":{"line":22,"column":28}},"loc":{"start":{"line":22,"column":41},"end":{"line":22,"column":77}},"line":22},"4":{"name":"(anonymous_4)","decl":{"start":{"line":27,"column":37},"end":{"line":27,"column":38}},"loc":{"start":{"line":28,"column":10},"end":{"line":49,"column":15}},"line":28},"5":{"name":"(anonymous_5)","decl":{"start":{"line":41,"column":27},"end":{"line":41,"column":28}},"loc":{"start":{"line":41,"column":33},"end":{"line":43,"column":19}},"line":41}},"branchMap":{},"s":{"0":0,"1":0,"2":0,"3":0,"4":0,"5":0,"6":0,"7":0,"8":0},"f":{"0":0,"1":0,"2":0,"3":0,"4":0,"5":0},"b":{},"_coverageSchema":"1a1c01bbd47fc00a2c39e90264f33305004495a9","hash":"0e7f0972d27cac1c4457c68afc452fbf7ab57c58"}
,"/Users/jamundf/Dropbox/egghead/live/redux-shopping-cart/src/features/products/productsSlice.ts": {"path":"/Users/jamundf/Dropbox/egghead/live/redux-shopping-cart/src/features/products/productsSlice.ts","statementMap":{"0":{"start":{"line":8,"column":36},"end":{"line":10,"column":1}},"1":{"start":{"line":12,"column":22},"end":{"line":22,"column":2}},"2":{"start":{"line":17,"column":6},"end":{"line":19,"column":9}},"3":{"start":{"line":18,"column":8},"end":{"line":18,"column":45}},"4":{"start":{"line":24,"column":36},"end":{"line":24,"column":57}}},"fnMap":{"0":{"name":"(anonymous_0)","decl":{"start":{"line":16,"column":4},"end":{"line":16,"column":5}},"loc":{"start":{"line":16,"column":62},"end":{"line":20,"column":5}},"line":16},"1":{"name":"(anonymous_1)","decl":{"start":{"line":17,"column":29},"end":{"line":17,"column":30}},"loc":{"start":{"line":17,"column":42},"end":{"line":19,"column":7}},"line":17}},"branchMap":{},"s":{"0":1,"1":1,"2":0,"3":0,"4":1},"f":{"0":0,"1":0},"b":{},"_coverageSchema":"1a1c01bbd47fc00a2c39e90264f33305004495a9","hash":"32c7979ea56bcf9090270dc5a84a8f0dac074593"}
}
