TN:
SF:src\features\cart\cartSlice.ts
FN:23,(anonymous_0)
FN:34,(anonymous_1)
FN:41,(anonymous_2)
FN:44,(anonymous_3)
FN:52,(anonymous_4)
FN:53,(anonymous_5)
FN:58,(anonymous_6)
FN:68,(anonymous_7)
FN:78,getNumItems
FN:88,(anonymous_9)
FN:89,(anonymous_10)
FN:100,(anonymous_11)
FN:101,(anonymous_12)
FN:102,(anonymous_13)
FNF:14
FNH:5
FNDA:0,(anonymous_0)
FNDA:3,(anonymous_1)
FNDA:1,(anonymous_2)
FNDA:1,(anonymous_3)
FNDA:1,(anonymous_4)
FNDA:0,(anonymous_5)
FNDA:0,(anonymous_6)
FNDA:0,(anonymous_7)
FNDA:2,getNumItems
FNDA:0,(anonymous_9)
FNDA:0,(anonymous_10)
FNDA:0,(anonymous_11)
FNDA:0,(anonymous_12)
FNDA:0,(anonymous_13)
DA:17,1
DA:23,1
DA:24,0
DA:25,0
DA:26,0
DA:27,0
DA:30,1
DA:35,3
DA:36,2
DA:38,1
DA:42,1
DA:48,1
DA:49,1
DA:53,1
DA:54,0
DA:56,1
DA:59,0
DA:60,0
DA:61,0
DA:62,0
DA:64,0
DA:68,1
DA:69,0
DA:70,0
DA:75,1
DA:79,2
DA:80,2
DA:81,2
DA:82,2
DA:84,2
DA:87,1
DA:88,0
DA:90,0
DA:91,0
DA:92,0
DA:93,0
DA:95,0
DA:99,1
DA:100,0
DA:101,0
DA:103,0
DA:104,0
DA:105,0
DA:107,0
LF:44
LH:20
BRDA:35,0,0,2
BRDA:35,0,1,1
BRDA:60,1,0,0
BRDA:60,1,1,0
BRDA:70,2,0,0
BRDA:70,2,1,0
BRF:6
BRH:2
end_of_record
TN:
SF:src\features\products\productsSlice.ts
FN:16,(anonymous_0)
FN:18,(anonymous_1)
FNF:2
FNH:0
FNDA:0,(anonymous_0)
FNDA:0,(anonymous_1)
DA:8,0
DA:12,0
DA:17,0
DA:18,0
DA:19,0
DA:25,0
LF:6
LH:0
BRF:0
BRH:0
end_of_record
