TN:
SF:src/App.tsx
FN:8,App
FN:37,Home
FNF:2
FNH:1
FNDA:0,App
FNDA:1,Home
DA:9,0
DA:38,1
LF:2
LH:1
BRF:0
BRH:0
end_of_record
TN:
SF:src/app/api.ts
FN:6,getProducts
FN:13,checkout
FN:27,(anonymous_2)
FN:28,(anonymous_3)
FNF:4
FNH:0
FNDA:0,getProducts
FNDA:0,checkout
FNDA:0,(anonymous_2)
FNDA:0,(anonymous_3)
DA:7,0
DA:8,0
DA:9,0
DA:14,0
DA:15,0
DA:16,0
DA:20,0
DA:21,0
DA:22,0
DA:24,0
DA:27,1
DA:28,0
LF:12
LH:1
BRDA:21,0,0,0
BRDA:21,0,1,0
BRF:2
BRH:0
end_of_record
TN:
SF:src/app/hooks.ts
FN:4,(anonymous_0)
FNF:1
FNH:0
FNDA:0,(anonymous_0)
DA:4,1
DA:5,1
LF:2
LH:2
BRF:0
BRH:0
end_of_record
TN:
SF:src/features/cart/Cart.tsx
FN:14,Cart
FN:16,(anonymous_1)
FN:17,(anonymous_2)
FN:18,(anonymous_3)
FN:19,(anonymous_4)
FN:21,onQuantityChanged
FN:28,onCheckout
FN:50,(anonymous_7)
FN:56,(anonymous_8)
FN:64,(anonymous_9)
FNF:10
FNH:0
FNDA:0,Cart
FNDA:0,(anonymous_1)
FNDA:0,(anonymous_2)
FNDA:0,(anonymous_3)
FNDA:0,(anonymous_4)
FNDA:0,onQuantityChanged
FNDA:0,onCheckout
FNDA:0,(anonymous_7)
FNDA:0,(anonymous_8)
FNDA:0,(anonymous_9)
DA:15,0
DA:16,0
DA:17,0
DA:18,0
DA:19,0
DA:20,0
DA:25,0
DA:26,0
DA:29,0
DA:30,0
DA:32,0
DA:37,0
DA:51,0
DA:56,0
DA:64,0
LF:15
LH:0
BRDA:25,0,0,0
BRDA:25,0,1,0
BRDA:107,1,0,0
BRDA:107,1,1,0
BRF:4
BRH:0
end_of_record
TN:
SF:src/features/cart/CartLink.tsx
FN:7,CartLink
FNF:1
FNH:0
FNDA:0,CartLink
DA:8,0
DA:9,0
LF:2
LH:0
BRDA:12,0,0,0
BRDA:12,0,1,0
BRF:2
BRH:0
end_of_record
TN:
SF:src/features/cart/cartSlice.ts
FN:28,(anonymous_0)
FN:38,(anonymous_1)
FN:45,(anonymous_2)
FN:48,(anonymous_3)
FN:57,(anonymous_4)
FN:58,(anonymous_5)
FN:63,(anonymous_6)
FN:72,(anonymous_7)
FN:79,(anonymous_8)
FN:89,(anonymous_9)
FN:90,(anonymous_10)
FN:101,(anonymous_11)
FN:102,(anonymous_12)
FN:103,(anonymous_13)
FN:112,(anonymous_14)
FN:113,checkoutThunk
FNF:16
FNH:1
FNDA:0,(anonymous_0)
FNDA:0,(anonymous_1)
FNDA:0,(anonymous_2)
FNDA:0,(anonymous_3)
FNDA:1,(anonymous_4)
FNDA:0,(anonymous_5)
FNDA:0,(anonymous_6)
FNDA:0,(anonymous_7)
FNDA:0,(anonymous_8)
FNDA:0,(anonymous_9)
FNDA:0,(anonymous_10)
FNDA:0,(anonymous_11)
FNDA:0,(anonymous_12)
FNDA:0,(anonymous_13)
FNDA:0,(anonymous_14)
FNDA:0,checkoutThunk
DA:18,1
DA:24,1
DA:29,0
DA:30,0
DA:31,0
DA:34,1
DA:42,0
DA:43,0
DA:46,0
DA:49,0
DA:50,0
DA:52,0
DA:54,0
DA:58,1
DA:59,0
DA:61,1
DA:64,0
DA:65,0
DA:66,0
DA:68,0
DA:72,1
DA:73,0
DA:74,0
DA:79,1
DA:80,0
DA:81,0
DA:82,0
DA:83,0
DA:85,0
DA:88,1
DA:89,0
DA:91,0
DA:92,0
DA:93,0
DA:94,0
DA:96,0
DA:100,1
DA:101,0
DA:102,0
DA:104,0
DA:105,0
DA:106,0
DA:108,0
DA:112,1
DA:117,0
DA:118,0
DA:119,0
DA:120,0
DA:121,0
DA:123,0
DA:127,1
LF:51
LH:11
BRDA:49,0,0,0
BRDA:49,0,1,0
BRDA:64,1,0,0
BRDA:64,1,1,0
BRDA:74,2,0,0
BRDA:74,2,1,0
BRF:6
BRH:0
end_of_record
TN:
SF:src/features/products/Products.tsx
FN:18,Products
FN:20,(anonymous_1)
FN:21,(anonymous_2)
FN:22,(anonymous_3)
FN:27,(anonymous_4)
FN:41,(anonymous_5)
FNF:6
FNH:0
FNDA:0,Products
FNDA:0,(anonymous_1)
FNDA:0,(anonymous_2)
FNDA:0,(anonymous_3)
FNDA:0,(anonymous_4)
FNDA:0,(anonymous_5)
DA:19,0
DA:20,0
DA:21,0
DA:22,0
DA:24,0
DA:28,0
DA:42,0
LF:7
LH:0
BRF:0
BRH:0
end_of_record
TN:
SF:src/features/products/productsSlice.ts
FN:16,(anonymous_0)
FN:17,(anonymous_1)
FNF:2
FNH:0
FNDA:0,(anonymous_0)
FNDA:0,(anonymous_1)
DA:8,1
DA:12,1
DA:17,0
DA:18,0
DA:24,1
LF:5
LH:3
BRF:0
BRH:0
end_of_record
